0 info it worked if it ends with ok
1 verbose cli [ '/home/laurentperroteau/local/bin/node',
1 verbose cli   '/home/laurentperroteau/local/bin/npm',
1 verbose cli   'start' ]
2 info using npm@1.4.21
3 info using node@v0.10.30
4 verbose run-script [ 'prestart', 'start', 'poststart' ]
5 info prestart webpack@0.0.0
6 info start webpack@0.0.0
7 verbose unsafe-perm in lifecycle true
8 info webpack@0.0.0 Failed to exec start script
9 error webpack@0.0.0 start: `webpack-dev-server`
9 error Exit status 8
10 error Failed at the webpack@0.0.0 start script.
10 error This is most likely a problem with the webpack package,
10 error not with npm itself.
10 error Tell the author that this fails on your system:
10 error     webpack-dev-server
10 error You can get their info via:
10 error     npm owner ls webpack
10 error There is likely additional logging output above.
11 error System Linux 3.16.0-38-generic
12 error command "/home/laurentperroteau/local/bin/node" "/home/laurentperroteau/local/bin/npm" "start"
13 error cwd /home/laurentperroteau/www/cv/web2
14 error node -v v0.10.30
15 error npm -v 1.4.21
16 error code ELIFECYCLE
17 verbose exit [ 1, true ]
